## [C] Lean 빌드/검증 로그
✔ [1/1302] Built Batteries.Data.List.Init.Lemmas
✔ [2/1302] Built Batteries.Data.String.Basic
✔ [3/1302] Built Batteries.Lean.NameMapAttribute
✔ [4/1302] Built Batteries.Util.LibraryNote
✔ [5/1302] Built Batteries.Lean.Name
✔ [6/1302] Built Batteries.Tactic.Lint.Basic
✔ [7/1302] Built Batteries.Lean.Meta.Basic
✔ [8/1302] Built Batteries.Lean.Expr
✔ [9/1302] Built Batteries.Data.Nat.Gcd
✔ [10/1302] Built Batteries.Lean.Float
✔ [11/1302] Built Batteries.Classes.BEq
✔ [12/1302] Built Batteries.Tactic.OpenPrivate
✔ [13/1302] Built Batteries.Control.ForInStep.Basic
✔ [14/1302] Built Batteries.Control.Lemmas
✔ [15/1302] Built Batteries.Data.List.Init.Attach
✔ [16/1302] Built Batteries.Data.Array.Init.Lemmas
✔ [17/1302] Built Batteries.CodeAction.Attr
✔ [18/1302] Built Batteries.Lean.Position
✔ [19/1302] Built Batteries.Tactic.SeqFocus
✔ [20/1302] Built Batteries.Util.ProofWanted
✔ [21/1302] Built Batteries.Data.DList
✔ [22/1302] Built Batteries.Data.Array.Match
✔ [23/1302] Built Batteries.Data.Fin.Basic
✔ [24/1302] Built Batteries.Data.Nat.Basic
✔ [25/1302] Built Batteries.Data.Sum.Basic
✔ [26/1302] Built Batteries.Lean.TagAttribute
✔ [27/1302] Built Batteries.Lean.Except
✔ [28/1302] Built Batteries.Classes.SatisfiesM
✔ [29/1302] Built Batteries.Lean.Delaborator
✔ [30/1302] Built Batteries.Lean.HashMap
✔ [31/1302] Built Batteries.Lean.Meta.Expr
✔ [32/1302] Built Batteries.Data.LazyList
✔ [33/1302] Built Batteries.Lean.HashSet
✔ [34/1302] Built Batteries.Lean.IO.Process
✔ [35/1302] Built Batteries.Lean.PersistentHashMap
✔ [36/1302] Built Batteries.Lean.MonadBacktrack
✔ [37/1302] Built Batteries.Lean.NameMap
✔ [38/1302] Built Batteries.Lean.Meta.Inaccessible
✔ [39/1302] Built Batteries.Lean.SMap
✔ [40/1302] Built Batteries.Lean.Syntax
✔ [41/1302] Built Batteries.Lean.Util.Path
✔ [42/1302] Built Batteries.Tactic.Unreachable
✔ [43/1302] Built Batteries.Tactic.Exact
✔ [44/1302] Built Batteries.Data.MLList.Basic
✔ [45/1302] Built Batteries.Lean.PersistentHashSet
✔ [46/1302] Built Batteries.Tactic.Classical
✔ [47/1302] Built Batteries.Test.Internal.DummyLabelAttr
✔ [48/1302] Built Batteries.Tactic.Instances
✔ [49/1302] Built Batteries.Tactic.NoMatch
✔ [50/1302] Built Batteries.Tactic.Where
✔ [51/1302] Built Batteries.Util.Pickle
✔ [52/1302] Built Batteries.Tactic.Congr
✔ [53/1302] Built Batteries.Util.CheckTactic
✔ [54/1302] Built Batteries.WF
✔ [55/1302] Built Aesop.Check
✔ [56/1302] Built Aesop.Nanos
✔ [57/1302] Built Batteries.Tactic.SqueezeScope
✔ [58/1302] Built Batteries.Util.ExtendedBinder
✔ [59/1302] Built Aesop.Percent
✔ [60/1302] Built Aesop.Options.Public
✔ [61/1302] Built Batteries.Tactic.Case
✔ [62/1302] Fetched proofwidgets:optRelease
✔ [63/1302] Built Aesop.RuleSet.Name
✔ [64/1302] Built Aesop.ElabM
✔ [65/1302] Built Aesop.Frontend.Basic
✔ [66/1302] Built Qq.Typ
✔ [67/1302] Built Aesop.Exception
✔ [68/1302] Built Qq.ForLean.ToExpr
✔ [69/1302] Built Aesop.Util.UnionFind
✔ [70/1302] Built Qq.ForLean.ReduceEval
✔ [71/1302] Built ProofWidgets.Compat
✔ [72/1302] Built Batteries.Classes.Cast
✔ [73/1302] Built Qq.SortLocalDecls
✔ [74/1302] Built Batteries.Lean.Meta.Clear
✔ [75/1302] Built Batteries.Lean.Meta.UnusedNames
✔ [76/1302] Built ImportGraph.RequiredModules
✔ [77/1302] Built Batteries.Lean.Meta.AssertHypotheses
✔ [78/1302] Built Qq.ForLean.Do
✔ [79/1302] Built Batteries.Tactic.Lint.TypeClass
✔ [80/1302] Built Batteries.Lean.Meta.InstantiateMVars
✔ [81/1302] Built ProofWidgets.Util
✔ [82/1302] Built Batteries.Control.ForInStep.Lemmas
✔ [83/1302] Built Batteries.Lean.Json
✔ [84/1302] Built Batteries.Lean.Meta.Simp
✔ [85/1302] Built Aesop.Script.UnstructuredScriptBuilder
✔ [86/1302] Built Batteries.Data.Fin.Lemmas
✔ [87/1302] Built Batteries.Lean.AttributeExtra
✔ [88/1302] Built Batteries.Tactic.Init
✔ [89/1302] Built Batteries.Data.MLList.Heartbeats
✔ [90/1302] Built Aesop.Constants
✔ [91/1302] Built Batteries.CodeAction.Basic
✔ [92/1302] Built Batteries.Classes.Order
✔ [93/1302] Built Batteries.Tactic.ShowUnused
✔ [94/1302] Built Aesop.RuleTac.Forward.Basic
✔ [95/1302] Built Batteries.Tactic.Lint.Misc
✔ [96/1302] Built Batteries.Data.String.Matcher
✔ [97/1302] Built Batteries.Lean.Meta.SavedState
✔ [98/1302] Built Batteries.Linter.UnreachableTactic
✔ [99/1302] Built Aesop.Options.Internal
✔ [100/1302] Built Batteries.Tactic.PrintDependents
✔ [101/1302] Built Batteries.Data.Array.Basic
✔ [102/1302] Built Mathlib.Util.DischargerAsTactic
✔ [103/1302] Built Mathlib.Tactic.HaveI
✔ [104/1302] Built Mathlib.Util.AtomM
✔ [105/1302] Built Mathlib.Tactic.TryThis
✔ [106/1302] Built Mathlib.Tactic.FunProp.StateList
✔ [107/1302] Built Mathlib.Tactic.Monotonicity.Attr
✔ [108/1302] Built Batteries.Tactic.Lint.Simp
✔ [109/1302] Built Batteries.Data.Array.Monadic
✔ [110/1302] Built Mathlib.Init.Data.Sigma.Basic
✔ [111/1302] Built Mathlib.Tactic.FunProp.ToBatteries
✔ [112/1302] Built Mathlib.Tactic.SuppressCompilation
✔ [113/1302] Built Batteries.Tactic.Lint.Frontend
✔ [114/1302] Built Mathlib.Tactic.UnsetOption
✔ [115/1302] Built Mathlib.Tactic.FunProp.Decl
✔ [116/1302] Built Mathlib.Tactic.Widget.SelectInsertParamsClass
✔ [117/1302] Built Batteries.CodeAction.Misc
✔ [118/1302] Built Mathlib.Tactic.Trace
✔ [119/1302] Built Mathlib.Tactic.TypeCheck
✔ [120/1302] Built Mathlib.Util.CountHeartbeats
✔ [121/1302] Built Mathlib.Tactic.SudoSetOption
✔ [122/1302] Built Mathlib.Tactic.SuccessIfFailWithMsg
✔ [123/1302] Built Mathlib.Tactic.Relation.Rfl
✔ [124/1302] Built Mathlib.Tactic.Rename
✔ [125/1302] Built Mathlib.Tactic.Set
✔ [126/1302] Built Mathlib.Tactic.SimpIntro
✔ [127/1302] Built Mathlib.Tactic.Linter.HashCommandLinter
✔ [128/1302] Built Mathlib.Tactic.NthRewrite
✔ [129/1302] Built Mathlib.Tactic.Observe
✔ [130/1302] Built Mathlib.Tactic.Recover
✔ [131/1302] Built Mathlib.Tactic.GuardGoalNums
✔ [132/1302] Built Mathlib.Tactic.GuardHypNums
✔ [133/1302] Built Mathlib.Tactic.InferParam
✔ [134/1302] Built Mathlib.Tactic.Linter.GlobalAttributeIn
✔ [135/1302] Built Mathlib.Tactic.Existsi
✔ [136/1302] Built Mathlib.Tactic.Constructor
✔ [137/1302] Built Mathlib.Tactic.Variable
✔ [138/1302] Built Mathlib.Tactic.ClearExclamation
✔ [139/1302] Built Mathlib.Tactic.Clear_
✔ [140/1302] Built Mathlib.Tactic.ClearExcept
✔ [141/1302] Built Mathlib.Tactic.ExtractGoal
✔ [142/1302] Built Mathlib.Tactic.FailIfNoProgress
✔ [143/1302] Built Mathlib.Tactic.ApplyWith
✔ [144/1302] Built Mathlib.Util.Tactic
✔ [145/1302] Built Mathlib.Lean.Meta.Basic
✔ [146/1302] Built Mathlib.Tactic.Check
✔ [147/1302] Built Mathlib.Util.Delaborators
✔ [148/1302] Built Mathlib.Lean.PrettyPrinter.Delaborator
✔ [149/1302] Built Mathlib.Tactic.Coe
✔ [150/1302] Built Mathlib.Tactic.Substs
✔ [151/1302] Built Mathlib.Lean.Elab.Term
✔ [152/1302] Built Mathlib.Util.WithWeakNamespace
✔ [153/1302] Built Mathlib.Tactic.CasesM
✔ [154/1302] Built Mathlib.Util.WhatsNew
✔ [155/1302] Built Mathlib.Mathport.Attributes
✔ [156/1302] Built Mathlib.Tactic.Attr.Register
✔ [157/1302] Built Mathlib.Tactic.ProjectionNotation
✔ [158/1302] Built Mathlib.Tactic.Spread
✔ [159/1302] Built Mathlib.Tactic.ExtendDoc
✔ [160/1302] Built Mathlib.Tactic.AdaptationNote
✔ [161/1302] Built Mathlib.Tactic.SimpRw
✔ [162/1302] Built Mathlib.Tactic.Conv
✔ [163/1302] Built Mathlib.Tactic.Eqns
✔ [164/1302] Built Mathlib.Tactic.Lemma
✔ [165/1302] Built Mathlib.Tactic.TypeStar
✔ [166/1302] Built Mathlib.Util.AssertExists
✔ [167/1302] Built Mathlib.Data.Array.Defs
✔ [168/1302] Built Mathlib.Util.MemoFix
✔ [169/1302] Built Mathlib.Lean.EnvExtension
✔ [170/1302] Built UEM.Prelude
✔ [171/1302] Built Mathlib.Init.Data.Nat.Notation
✔ [172/1302] Built Mathlib.Tactic.PPWithUniv
✔ [173/1302] Built Aesop.Script.StructuredScriptBuilder
✔ [174/1302] Built Mathlib.Util.CompileInductive
✔ [175/1302] Built ProofWidgets.Component.Basic
✔ [176/1302] Built ProofWidgets.Cancellable
✔ [177/1302] Built Batteries.Control.ForInStep
✔ [178/1302] Built Batteries.Data.Fin
✔ [179/1302] Built Aesop.RuleTac.ElabRuleTerm
✔ [180/1302] Built Mathlib.Mathport.Rename
✔ [181/1302] Built Batteries.Lean.Util.EnvSearch
✔ [182/1302] Built Mathlib.Tactic.HelpCmd
✔ [183/1302] Built Mathlib.Lean.Meta.Simp
✔ [184/1302] Built Batteries.Data.UInt
✔ [185/1302] Built Batteries.Linter.UnnecessarySeqFocus
✔ [186/1302] Built Aesop.Options
✔ [187/1302] Built ImportGraph.Imports
✔ [188/1302] Built Batteries.CodeAction.Deprecated
✔ [189/1302] Built Mathlib.Tactic.SwapVar
✔ [190/1302] Built Mathlib.Tactic.Monotonicity.Basic
✔ [191/1302] Built Batteries.Control.Nondet.Basic
✔ [192/1302] Built Batteries.Data.PairingHeap
✔ [193/1302] Built Mathlib.Tactic.ApplyAt
✔ [194/1302] Built Mathlib.Lean.Expr.ReplaceRec
✔ [195/1302] Built Batteries.CodeAction
✔ [196/1302] Built Mathlib.Tactic.Inhabit
✔ [197/1302] Built Mathlib.Init.Data.Fin.Basic
✔ [198/1302] Built Mathlib.Tactic.ApplyCongr
✔ [199/1302] Built Batteries.Tactic.Lint
✔ [200/1302] Built Mathlib.Tactic.HigherOrder
✔ [201/1302] Built ProofWidgets.Component.MakeEditLink
✔ [202/1302] Built Mathlib.Init.Data.Sigma.Lex
✔ [203/1302] Built ProofWidgets.Component.Panel.Basic
✔ [204/1302] Built ProofWidgets.Component.Recharts
✔ [205/1302] Built Mathlib.Init.Quot
✔ [206/1302] Built Mathlib.Control.ULift
✔ [207/1302] Built Mathlib.Init.Data.Ordering.Basic
✔ [208/1302] Built Mathlib.Init.Control.Combinators
✔ [209/1302] Built Aesop.Util.EqualUpToIds
✔ [210/1302] Built Mathlib.Tactic.ScopedNS
✔ [211/1302] Built Mathlib.Data.Bracket
✔ [212/1302] Built Batteries.Data.Char
✔ [213/1302] Built Batteries.Linter
✔ [214/1302] Built Mathlib.Tactic.ToLevel
✔ [215/1302] Built Mathlib.Data.Option.Defs
✔ [216/1302] Built Mathlib.Init.Set
✔ [217/1302] Built Batteries.Tactic.PrintPrefix
✔ [218/1302] Built Mathlib.Tactic.Hint
✔ [219/1302] Built Batteries.Tactic.Alias
✔ [220/1302] Built Mathlib.Tactic.Simps.NotationClass
✔ [221/1302] Built ProofWidgets.Component.Panel.GoalTypePanel
✔ [222/1302] Built Mathlib.Tactic.Linter.Lint
✔ [223/1302] Built Mathlib.Tactic.Linter
✔ [224/1302] Built Batteries.Data.Option.Lemmas
✔ [225/1302] Built Batteries.Tactic.Basic
✔ [226/1302] Built Batteries.Data.Bool
✔ [227/1302] Built Batteries.Data.BitVec.Lemmas
✔ [228/1302] Built Batteries.Data.Int.Order
✔ [229/1302] Built Batteries.Data.BinomialHeap.Basic
✔ [230/1302] Built Batteries.Data.Nat.Lemmas
✔ [231/1302] Built ProofWidgets.Data.Html
✔ [232/1302] Built Batteries.Data.Array.Merge
✔ [233/1302] Built Batteries.Logic
✔ [234/1302] Built Batteries.Data.Option
✔ [235/1302] Built Batteries.Data.BitVec
✔ [236/1302] Built Mathlib.Tactic.GCongr.ForwardAttr
✔ [237/1302] Built Batteries.Data.Int.DivMod
✔ [238/1302] Built Mathlib.Tactic.DeriveToExpr
✔ [239/1302] Built Batteries.Data.BinomialHeap.Lemmas
✔ [240/1302] Built Mathlib.Init.Data.Int.Basic
✔ [241/1302] Built ProofWidgets.Component.HtmlDisplay
✔ [242/1302] Built Batteries.Data.Nat
✔ [243/1302] Built ProofWidgets.Component.FilterDetails
✔ [244/1302] Built ProofWidgets.Presentation.Expr
✔ [245/1302] Built ProofWidgets.Component.PenroseDiagram
✔ [246/1302] Built Batteries.Data.RBMap.Basic
✔ [247/1302] Built Qq.Macro
✔ [248/1302] Built ProofWidgets.Data.Svg
✔ [249/1302] Built ProofWidgets.Component.OfRpcMethod
✔ [250/1302] Built Mathlib.Tactic.Attr.Core
✔ [251/1302] Built Batteries.Data.Int.Lemmas
✔ [252/1302] Built Aesop.Util.UnorderedArraySet
✔ [253/1302] Built Mathlib.Init.Data.Quot
✔ [254/1302] Built Batteries.Data.BinomialHeap
✔ [255/1302] Built Batteries.Data.Sum.Lemmas
✔ [256/1302] Built Batteries.Lean.Meta.DiscrTree
✔ [257/1302] Built Mathlib.Tactic.Use
✔ [258/1302] Built Mathlib.Tactic.ToExpr
✔ [259/1302] Built ProofWidgets.Component.Panel.SelectionPanel
✔ [260/1302] Built Batteries.Data.Rat.Basic
✔ [261/1302] Built Batteries.Data.Int
✔ [262/1302] Built Batteries.Data.Sum
✔ [263/1302] Built ProofWidgets.Component.InteractiveSvg
✔ [264/1302] Built Mathlib.Tactic.Widget.SelectPanelUtils
✔ [265/1302] Built Qq.Delab
✔ [266/1302] Built Batteries.Classes.RatCast
✔ [267/1302] Built Mathlib.Tactic.Linarith.SimplexAlgorithm.Datatypes
✔ [268/1302] Built Batteries.Util.Cache
✔ [269/1302] Built Batteries.Data.List.Basic
✔ [270/1302] Built Mathlib.Data.Rat.Init
✔ [271/1302] Built Qq.MetaM
✔ [272/1302] Built Mathlib.Tactic.Linarith.SimplexAlgorithm.Gauss
✔ [273/1302] Built Batteries.Tactic.PermuteGoals
✔ [274/1302] Built Mathlib.Tactic.Find
✔ [275/1302] Built Mathlib.Tactic.Linarith.SimplexAlgorithm.SimplexAlgorithm
✔ [276/1302] Built Mathlib.Tactic.FBinop
✔ [277/1302] Built Mathlib.Init.Data.List.Basic
✔ [278/1302] Built ProofWidgets
✔ [279/1302] Built Mathlib.Data.String.Defs
✔ [280/1302] Built Batteries.Data.Rat.Lemmas
✔ [281/1302] Built Mathlib.Lean.Meta
✔ [282/1302] Built Batteries.Data.AssocList
✔ [283/1302] Built Mathlib.Data.SProd
✔ [284/1302] Built Mathlib.Tactic.Linarith.SimplexAlgorithm.PositiveVector
✔ [285/1302] Built Mathlib.Mathport.Notation
✔ [286/1302] Built Batteries.Data.Rat
✔ [287/1302] Built Mathlib.Lean.Expr.Basic
✔ [288/1302] Built Qq.AssertInstancesCommute
✔ [289/1302] Built Mathlib.Tactic.Widget.Calc
✔ [290/1302] Built Mathlib.Lean.Elab.Tactic.Basic
✔ [291/1302] Built Mathlib.Tactic.Widget.Conv
✔ [292/1302] Built Mathlib.Tactic.RenameBVar
✔ [293/1302] Built Batteries.Data.HashMap.Basic
✔ [294/1302] Built Mathlib.Tactic.Cases
✔ [295/1302] Built Mathlib.Tactic.Core
✔ [296/1302] Built Mathlib.Data.HashMap
✔ [297/1302] Built Mathlib.Lean.Name
✔ [298/1302] Built Batteries.Data.RBMap.WF
✔ [299/1302] Built Mathlib.Tactic.WLOG
✔ [300/1302] Built Mathlib.Tactic.Relation.Trans
✔ [301/1302] Built Batteries.Data.RBMap.Depth
✔ [302/1302] Built Mathlib.Tactic.GeneralizeProofs
✔ [303/1302] Built Mathlib.Tactic.Propose
✔ [304/1302] Built Qq.Match
✔ [305/1302] Built Qq
✔ [306/1302] Built Mathlib.Init.Logic
✔ [307/1302] Built Mathlib.Util.SynthesizeUsing
✔ [308/1302] Built Mathlib.Tactic.MkIffOfInductiveProp
✔ [309/1302] Built Mathlib.Tactic.Says
✔ [310/1302] Built Mathlib.Tactic.Simps.Basic
✔ [311/1302] Built Mathlib.Util.Qq
✔ [312/1302] Built Batteries.Data.RBMap.Alter
✔ [313/1302] Built Mathlib.Tactic.SplitIfs
✔ [314/1302] Built Mathlib.Init.Align
✔ [315/1302] Built Mathlib.Init.Algebra.Classes
✔ [316/1302] Built Mathlib.Init.Data.Bool.Lemmas
✔ [317/1302] Built Mathlib.Init.Order.Defs
✔ [318/1302] Built Mathlib.Init.Order.LinearOrder
✔ [319/1302] Built Mathlib.Init.Data.Int.Order
✔ [320/1302] Built Batteries.Data.List.Lemmas
✔ [321/1302] Built Mathlib.Init.Data.List.Instances
✔ [322/1302] Built Batteries.Lean.System.IO
✔ [323/1302] Built Batteries.Data.List.EraseIdx
✔ [324/1302] Built Mathlib.Init.Data.List.Lemmas
✔ [325/1302] Built Batteries.Data.List.Count
✔ [326/1302] Built Mathlib.Data.List.TFAE
✔ [327/1302] Built Batteries.Data.MLList.IO
✔ [328/1302] Built Batteries.Data.Range.Lemmas
✔ [329/1302] Built Batteries.Data.MLList
✔ [330/1302] Built Mathlib.Tactic.GCongr.Core
✔ [331/1302] Built Batteries.Data.Range
✔ [332/1302] Built Mathlib.Tactic.ToAdditive
✔ [333/1302] Built Batteries.Data.List.Pairwise
✔ [334/1302] Built Mathlib.Init.ZeroOne
✔ [335/1302] Built Mathlib.Init.Data.Nat.Basic
✔ [336/1302] Built Mathlib.Tactic.TFAE
✔ [337/1302] Built Mathlib.Init.Data.Nat.Lemmas
✔ [338/1302] Built Batteries.Data.List.Perm
✔ [339/1302] Built Batteries.Data.List
✔ [340/1302] Built Batteries.Data.String.Lemmas
✔ [341/1302] Built Batteries.Data.String
✔ [342/1302] Built Mathlib.Algebra.Group.Defs
✔ [343/1302] Built Batteries.Data.Array.Lemmas
✔ [344/1302] Built Batteries.Data.RBMap.Lemmas
✔ [345/1302] Built Batteries.Data.RBMap
✔ [346/1302] Built Batteries.Data.Array
✔ [347/1302] Built Batteries.Data.HashMap.Lemmas
✔ [348/1302] Built Aesop.Util.Basic
✔ [349/1302] Built Mathlib.Algebra.Group.Commutator
✔ [350/1302] Built Batteries.Data.ByteArray
✔ [351/1302] Built Mathlib.Algebra.Group.Invertible.Defs
✔ [352/1302] Built Mathlib.Algebra.Group.Semiconj.Defs
✔ [353/1302] Built Mathlib.Data.Nat.Cast.Defs
✔ [354/1302] Built Aesop.Tracing
✔ [355/1302] Built Aesop.Rule.Name
✔ [356/1302] Built Aesop.Util.Tactic
✔ [357/1302] Built Mathlib.Data.Int.Cast.Defs
✔ [358/1302] Built Aesop.Script.ScriptBuilder
✔ [359/1302] Built Aesop.Stats.Basic
✔ [360/1302] Built Mathlib.Algebra.Group.Commute.Defs
✔ [361/1302] Built Aesop.Stats.Extension
✔ [362/1302] Built Aesop.Script.TacticState
✔ [363/1302] Built Aesop.RulePattern
✔ [364/1302] Built Aesop.Script.SpecificTactics
✔ [365/1302] Built Batteries.Data.UnionFind.Basic
✔ [366/1302] Built Aesop.Stats.Report
✔ [367/1302] Built Batteries.Data.HashMap.WF
✔ [368/1302] Built Batteries.Data.HashMap
✔ [369/1302] Built Aesop.Index.Basic
✔ [370/1302] Built Aesop.RuleTac.Basic
✔ [371/1302] Built Aesop.Rule.Basic
✔ [372/1302] Built Aesop.RuleTac.Preprocess
✔ [373/1302] Built Aesop.RuleTac.Apply
✔ [374/1302] Built Batteries.Data.UnionFind.Lemmas
✔ [375/1302] Built Aesop.RuleTac.Cases
✔ [376/1302] Built Aesop.RuleTac.Tactic
✔ [377/1302] Built Aesop.Script
✔ [378/1302] Built Batteries.Data.UnionFind
✔ [379/1302] Built Aesop.Search.Expansion.Basic
✔ [380/1302] Built Aesop.RuleTac.Forward
✔ [381/1302] Built Batteries.StdDeprecations
✔ [382/1302] Built Aesop.RuleTac
✔ [383/1302] Built Aesop.Index
✔ [384/1302] Built Batteries
✔ [385/1302] Built Aesop.Rule
✔ [386/1302] Built Mathlib.Tactic.Basic
✔ [387/1302] Built Aesop.RuleSet.Member
✔ [388/1302] Built Aesop.Tree.UnsafeQueue
✔ [389/1302] Built Aesop.RuleSet.Filter
✔ [390/1302] Built Aesop.Builder.Basic
✔ [391/1302] Built Mathlib.Tactic.RSuffices
✔ [392/1302] Built Mathlib.Tactic.ExtractLets
✔ [393/1302] Built Mathlib.Init.Function
✔ [394/1302] Built Mathlib.Order.Notation
✔ [395/1302] Built Aesop.Builder.Unfold
✔ [396/1302] Built Aesop.Builder.Apply
✔ [397/1302] Built Mathlib.Tactic.DefEqTransformations
✔ [398/1302] Built Aesop.Builder.NormSimp
✔ [399/1302] Built Aesop.Builder.Tactic
✔ [400/1302] Built Mathlib.Tactic.Lift
✔ [401/1302] Built Aesop.Tree.Data
✔ [402/1302] Built Aesop.Builder.Forward
✔ [403/1302] Built Aesop.Builder.Cases
✔ [404/1302] Built Mathlib.Data.Prod.PProd
✔ [405/1302] Built Mathlib.Logic.Function.CompTypeclasses
✔ [406/1302] Built Aesop.Builder.Constructors
✔ [407/1302] Built Mathlib.Logic.Relator
✔ [408/1302] Built Mathlib.Logic.Nonempty
✔ [409/1302] Built Mathlib.Logic.Nontrivial.Defs
✔ [410/1302] Built Aesop.RuleSet
✔ [411/1302] Built Mathlib.Data.Option.NAry
✔ [412/1302] Built Aesop.Tree.RunMetaM
✔ [413/1302] Built Mathlib.Control.Basic
✔ [414/1302] Built Aesop.Frontend.Extension.Init
✔ [415/1302] Built Aesop.Tree.Traversal
✔ [416/1302] Built Mathlib.Data.Bool.Basic
✔ [417/1302] Built Aesop.Builder.Default
✔ [418/1302] Built Aesop.Search.Expansion.Simp
✔ [419/1302] Built Aesop.Builder
✔ [420/1302] Built Aesop.Tree.TreeM
✔ [421/1302] Built Aesop.Frontend.Extension
✔ [422/1302] Built Aesop.Tree.State
✔ [423/1302] Built Aesop.Tree.Tracing
✔ [424/1302] Built Aesop.Tree.Free
✔ [425/1302] Built Mathlib.Control.Functor
✔ [426/1302] Built Aesop.Tree.ExtractScript
✔ [427/1302] Built Mathlib.Logic.Basic
✔ [428/1302] Built Mathlib.Control.Traversable.Basic
✔ [429/1302] Built Aesop.Tree.AddRapp
✔ [430/1302] Built Mathlib.Control.Applicative
✔ [431/1302] Built Aesop.Tree.ExtractProof
✔ [432/1302] Built Mathlib.Data.List.Defs
✔ [433/1302] Built Mathlib.Algebra.NeZero
✔ [434/1302] Built Aesop.Tree.Check
✔ [435/1302] Built Mathlib.Data.Nat.Cast.NeZero
✔ [436/1302] Built Aesop.Frontend.RuleExpr
✔ [437/1302] Built Aesop.Tree
✔ [438/1302] Built Aesop.Search.Queue.Class
✔ [439/1302] Built Aesop.Frontend.Attribute
✔ [440/1302] Built Mathlib.Tactic.Tauto
✔ [441/1302] Built Aesop.Search.Queue
✔ [442/1302] Built Mathlib.Logic.Function.Basic
✔ [443/1302] Built Aesop.BuiltinRules.Ext
✔ [444/1302] Built Aesop.Search.SearchM
✔ [445/1302] Built Aesop.BuiltinRules.ApplyHyps
✔ [446/1302] Built Aesop.BuiltinRules.Split
✔ [447/1302] Built Aesop.BuiltinRules.Subst
✔ [448/1302] Built Mathlib.Tactic.PushNeg
✔ [449/1302] Built Aesop.BuiltinRules.Assumption
✔ [450/1302] Built Aesop.BuiltinRules.Intros
✔ [451/1302] Built Aesop.BuiltinRules.DestructProducts
✔ [452/1302] Built Mathlib.Logic.Function.Conjugate
✔ [453/1302] Built Mathlib.Logic.IsEmpty
✔ [454/1302] Built Mathlib.Algebra.CharZero.Defs
✔ [455/1302] Built Aesop.Frontend.Command
✔ [456/1302] Built Aesop.Frontend.Tactic
✔ [457/1302] Built Mathlib.Data.FunLike.Basic
✔ [458/1302] Built Aesop.Search.RuleSelection
✔ [459/1302] Built Mathlib.Data.Sigma.Basic
✔ [460/1302] Built Mathlib.Data.Subtype
✔ [461/1302] Built Mathlib.Tactic.Choose
✔ [462/1302] Built Mathlib.Tactic.ByContra
✔ [463/1302] Built Mathlib.Algebra.GroupWithZero.Defs
✔ [464/1302] Built Mathlib.Tactic.Contrapose
✔ [465/1302] Built Mathlib.Data.Sum.Basic
✔ [466/1302] Built Mathlib.Data.Prod.Basic
✔ [467/1302] Built Mathlib.Logic.Function.Iterate
✔ [468/1302] Built Mathlib.Data.FunLike.Embedding
✔ [469/1302] Built Aesop.Frontend
✔ [470/1302] Built Mathlib.Logic.Unique
✔ [471/1302] Built Mathlib.Tactic.FunProp.Mor
✔ [472/1302] Built Mathlib.Algebra.GroupWithZero.NeZero
✔ [473/1302] Built Mathlib.Lean.Meta.CongrTheorems
✔ [474/1302] Built Mathlib.Logic.Relation
✔ [475/1302] Built Mathlib.Tactic.IrreducibleDef
✔ [476/1302] Built Aesop.BuiltinRules
✔ [477/1302] Built Mathlib.Data.FunLike.Equiv
✔ [478/1302] Built Mathlib.Data.Set.Defs
✔ [479/1302] Built Mathlib.Logic.Nontrivial.Basic
✔ [480/1302] Built Aesop.Search.Expansion.Norm
✔ [481/1302] Built Mathlib.Init.Classical
✔ [482/1302] Built Mathlib.Algebra.Ring.Defs
✔ [483/1302] Built Mathlib.Tactic.FunProp.FunctionData
✔ [484/1302] Built Mathlib.Lean.Expr.ExtraRecognizers
✔ [485/1302] Built Mathlib.Algebra.Ring.Semiconj
✔ [486/1302] Built Mathlib.Tactic.Nontriviality.Core
✔ [487/1302] Built Mathlib.Data.Quot
✔ [488/1302] Built Mathlib.Tactic.Nontriviality
✔ [489/1302] Built Mathlib.Algebra.Group.Pi.Basic
✔ [490/1302] Built Mathlib.Tactic.FunProp.Types
✔ [491/1302] Built Mathlib.Algebra.Field.Defs
✔ [492/1302] Built Mathlib.Tactic.Congr!
✔ [493/1302] Built Aesop.Search.Expansion
✔ [494/1302] Built Mathlib.Tactic.Convert
✔ [495/1302] Built Mathlib.Order.SetNotation
✔ [496/1302] Built Aesop.Search.ExpandSafePrefix
✔ [497/1302] Built Mathlib.Data.Nat.Defs
✔ [498/1302] Built Mathlib.Logic.Equiv.Defs
✔ [499/1302] Built Mathlib.Control.Monad.Basic
✔ [500/1302] Built Mathlib.Data.Finite.Defs
✔ [501/1302] Built Mathlib.Tactic.TermCongr
✔ [502/1302] Built Mathlib.Logic.Small.Defs
✔ [503/1302] Built Mathlib.Control.EquivFunctor
✔ [504/1302] Built Mathlib.Tactic.Congrm
✔ [505/1302] Built Mathlib.Algebra.Opposites
✔ [506/1302] Built Mathlib.Data.Int.Defs
✔ [507/1302] Built Mathlib.Order.Basic
✔ [508/1302] Built Mathlib.Algebra.Group.Hom.Defs
✔ [509/1302] Built Mathlib.Data.Countable.Defs
✔ [510/1302] Built Mathlib.Tactic.Widget.Congrm
✔ [511/1302] Built Mathlib.Order.ULift
✔ [512/1302] Built Mathlib.Algebra.Order.ZeroLEOne
✔ [513/1302] Built Mathlib.Order.Synonym
✔ [514/1302] Built Mathlib.Algebra.Group.Hom.CompTypeclasses
✔ [515/1302] Built Mathlib.Algebra.Group.Commute.Hom
✔ [516/1302] Built Mathlib.Data.PNat.Defs
✔ [517/1302] Built Mathlib.Algebra.GroupWithZero.Pi
✔ [518/1302] Built Mathlib.Order.RelClasses
✔ [519/1302] Built Mathlib.Order.Compare
✔ [520/1302] Built Mathlib.Order.Max
✔ [521/1302] Built Mathlib.Tactic.FunProp.RefinedDiscrTree
✔ [522/1302] Built Mathlib.Algebra.Group.TypeTags
✔ [523/1302] Built Mathlib.Data.Sigma.Lex
✔ [524/1302] Built Mathlib.Algebra.Order.Group.Synonym
✔ [525/1302] Built Mathlib.Algebra.Order.GroupWithZero.Synonym
✔ [526/1302] Built Mathlib.Algebra.Order.Ring.Synonym
✔ [527/1302] Built Mathlib.Logic.Equiv.Basic
✔ [528/1302] Built Mathlib.Tactic.FunProp.Theorems
✔ [529/1302] Built Aesop.Search.Main
✔ [530/1302] Built Mathlib.Data.ULift
✔ [531/1302] Built Mathlib.Tactic.FunProp.Attr
✔ [532/1302] Built Aesop.Main
✔ [533/1302] Built Mathlib.Order.Monotone.Basic
✔ [534/1302] Built Aesop
✔ [535/1302] Built Mathlib.Tactic.Measurability.Init
✔ [536/1302] Built Mathlib.Data.Finset.Attr
✔ [537/1302] Built Mathlib.Tactic.Continuity.Init
✔ [538/1302] Built Mathlib.Tactic.SetLike
✔ [539/1302] Built Mathlib.Order.Iterate
✔ [540/1302] Built Mathlib.Tactic.Continuity
✔ [541/1302] Built Mathlib.Tactic.Measurability
✔ [542/1302] Built Mathlib.Tactic.Common
✔ [543/1302] Built Mathlib.Data.Option.Basic
✔ [544/1302] Built Mathlib.Data.Int.Sqrt
✔ [545/1302] Built Mathlib.Data.Vector.Defs
✔ [546/1302] Built Mathlib.Algebra.Group.WithOne.Defs
✔ [547/1302] Built Mathlib.Data.Nat.Factorial.Basic
✔ [548/1302] Built Mathlib.Logic.Pairwise
✔ [549/1302] Built Mathlib.Algebra.Quotient
✔ [550/1302] Built Mathlib.Order.Lattice
✔ [551/1302] Built Mathlib.Data.Rat.Defs
✔ [552/1302] Built Mathlib.Data.List.GetD
✔ [553/1302] Built Mathlib.Tactic.FunProp.Core
✔ [554/1302] Built Mathlib.Order.MinMax
✔ [555/1302] Built Mathlib.Data.Nat.Choose.Basic
✔ [556/1302] Built Mathlib.Logic.Embedding.Basic
✔ [557/1302] Built Mathlib.Algebra.Field.IsField
✔ [558/1302] Built Mathlib.Logic.Equiv.Option
✔ [559/1302] Built Mathlib.Tactic.FunProp.Elab
✔ [560/1302] Built Mathlib.Tactic.FunProp
✔ [561/1302] Built Mathlib.Order.BoundedOrder
✔ [562/1302] Built Mathlib.Topology.Defs.Basic
✔ [563/1302] Built Mathlib.Order.Nat
✔ [564/1302] Built Mathlib.Algebra.Group.Basic
✔ [565/1302] Built Mathlib.Data.Prod.Lex
✔ [566/1302] Built Mathlib.Order.RelIso.Basic
✔ [567/1302] Built Mathlib.Algebra.Group.Semiconj.Basic
✔ [568/1302] Built Mathlib.Algebra.Group.Embedding
✔ [569/1302] Built Mathlib.Data.Int.Cast.Basic
✔ [570/1302] Built Mathlib.Algebra.Group.Action.Defs
✔ [571/1302] Built Mathlib.Order.Disjoint
✔ [572/1302] Built Mathlib.Algebra.Order.Monoid.Unbundled.Defs
✔ [573/1302] Built Mathlib.Algebra.Group.Hom.Basic
✔ [574/1302] Built Mathlib.Algebra.Divisibility.Basic
✔ [575/1302] Built Mathlib.Algebra.Ring.Basic
✔ [576/1302] Built Mathlib.Algebra.Ring.Idempotents
✔ [577/1302] Built Mathlib.Algebra.GroupWithZero.Basic
✔ [578/1302] Built Mathlib.Algebra.Group.Commute.Basic
✔ [579/1302] Built Mathlib.GroupTheory.GroupAction.Ring
✔ [580/1302] Built Mathlib.Tactic.Zify
✔ [581/1302] Built Mathlib.Order.PropInstances
✔ [582/1302] Built Mathlib.Order.WithBot
✔ [583/1302] Built Mathlib.Algebra.Group.InjSurj
✔ [584/1302] Built Mathlib.GroupTheory.GroupAction.Defs
✔ [585/1302] Built Mathlib.Algebra.Group.Hom.Instances
✔ [586/1302] Built Mathlib.Algebra.Order.GroupWithZero.Unbundled
✔ [587/1302] Built Mathlib.Algebra.GroupWithZero.InjSurj
✔ [588/1302] Built Mathlib.Algebra.Group.Units
✔ [589/1302] Built Mathlib.Algebra.Group.Hom.End
✔ [590/1302] Built Mathlib.Data.List.Basic
✔ [591/1302] Built Mathlib.Algebra.Group.Equiv.Basic
✔ [592/1302] Built Mathlib.Algebra.Divisibility.Units
✔ [593/1302] Built Mathlib.Algebra.Group.Semiconj.Units
✔ [594/1302] Built Mathlib.Algebra.Group.Units.Hom
✔ [595/1302] Built Mathlib.GroupTheory.GroupAction.Units
✔ [596/1302] Built Mathlib.Data.List.Palindrome
✔ [597/1302] Built Mathlib.Algebra.Order.Monoid.Unbundled.Basic
✔ [598/1302] Built Mathlib.Algebra.Ring.InjSurj
✔ [599/1302] Built Mathlib.Data.List.Join
✔ [600/1302] Built Mathlib.Data.List.Count
✔ [601/1302] Built Mathlib.Data.List.Lattice
✔ [602/1302] Built Mathlib.Data.List.InsertNth
✔ [603/1302] Built Mathlib.Data.List.Enum
✔ [604/1302] Built Mathlib.Order.Hom.Basic
✔ [605/1302] Built Mathlib.Data.List.Pairwise
✔ [606/1302] Built Mathlib.Data.List.ProdSigma
✔ [607/1302] Built Mathlib.Data.List.Lex
✔ [608/1302] Built Mathlib.Order.Heyting.Basic
✔ [609/1302] Built Mathlib.Data.List.Infix
✔ [610/1302] Built Mathlib.Algebra.Ring.Divisibility.Basic
✔ [611/1302] Built Mathlib.Data.List.Forall2
✔ [612/1302] Built Mathlib.Algebra.Order.Monoid.Unbundled.MinMax
✔ [613/1302] Built Mathlib.Algebra.GroupWithZero.Units.Basic
✔ [614/1302] Built Mathlib.Algebra.GroupWithZero.Hom
✔ [615/1302] Built Mathlib.Algebra.Group.ULift
✔ [616/1302] Built Mathlib.Data.List.Permutation
✔ [617/1302] Built Mathlib.Algebra.Group.Commute.Units
✔ [618/1302] Built Mathlib.Algebra.Group.Units.Equiv
✔ [619/1302] Built Mathlib.Algebra.Order.Monoid.Defs
✔ [620/1302] Built Mathlib.Data.List.MinMax
✔ [621/1302] Built Mathlib.Algebra.Regular.Basic
✔ [622/1302] Built Mathlib.Algebra.Order.Sub.Defs
✔ [623/1302] Built Mathlib.Algebra.Order.Monoid.NatCast
✔ [624/1302] Built Mathlib.Tactic.ApplyFun
✔ [625/1302] Built Mathlib.Order.Antisymmetrization
✔ [626/1302] Built Mathlib.Algebra.Order.Monoid.Units
✔ [627/1302] Built Mathlib.Algebra.GroupWithZero.Divisibility
✔ [628/1302] Built Mathlib.Data.Sum.Order
✔ [629/1302] Built Mathlib.Algebra.GroupWithZero.ULift
✔ [630/1302] Built Mathlib.Algebra.Group.Opposite
✔ [631/1302] Built Mathlib.Data.List.Zip
✔ [632/1302] Built Mathlib.Algebra.GroupWithZero.Units.Equiv
✔ [633/1302] Built Mathlib.Algebra.Order.Monoid.OrderDual
✔ [634/1302] Built Mathlib.Order.Hom.Bounded
✔ [635/1302] Built Mathlib.Algebra.GroupWithZero.Semiconj
✔ [636/1302] Built Mathlib.Algebra.Order.Monoid.Canonical.Defs
✔ [637/1302] Built Mathlib.Algebra.Ring.Regular
✔ [638/1302] Built Mathlib.Algebra.Order.Monoid.Basic
✔ [639/1302] Built Mathlib.Algebra.Group.Invertible.Basic
✔ [640/1302] Built Mathlib.Order.BooleanAlgebra
✔ [641/1302] Built Mathlib.Algebra.Group.Even
✔ [642/1302] Built Mathlib.Algebra.GroupWithZero.WithZero
✔ [643/1302] Built Mathlib.Data.List.Chain
✔ [644/1302] Built Mathlib.Algebra.Ring.Hom.Defs
✔ [645/1302] Built Mathlib.Algebra.GroupWithZero.Commute
✔ [646/1302] Built Mathlib.Algebra.Order.Monoid.TypeTags
✔ [647/1302] Built Mathlib.Algebra.GroupWithZero.Invertible
✔ [648/1302] Built Mathlib.GroupTheory.GroupAction.Opposite
✔ [649/1302] Built Mathlib.Algebra.Order.Monoid.Unbundled.Pow
✔ [650/1302] Built Mathlib.Algebra.Group.Nat
✔ [651/1302] Built Mathlib.Algebra.Group.Prod
✔ [652/1302] Built Mathlib.Algebra.Ring.Units
✔ [653/1302] Built Mathlib.Algebra.Ring.Opposite
✔ [654/1302] Built Mathlib.Algebra.GroupWithZero.Units.Lemmas
✔ [655/1302] Built Mathlib.Algebra.Order.Sub.Canonical
✔ [656/1302] Built Mathlib.Algebra.Ring.Nat
✔ [657/1302] Built Mathlib.Data.Nat.Cast.Prod
✔ [658/1302] Built Mathlib.Algebra.Ring.Invertible
✔ [659/1302] Built Mathlib.Algebra.Order.Monoid.WithTop
✔ [660/1302] Built Mathlib.Algebra.Order.Group.Nat
✔ [661/1302] Built Mathlib.Algebra.GroupWithZero.Prod
✔ [662/1302] Built Mathlib.Algebra.Order.Group.Defs
✔ [663/1302] Built Mathlib.Order.SymmDiff
✔ [664/1302] Built Mathlib.Algebra.Group.Int
✔ [665/1302] Built Mathlib.Data.Int.Cast.Prod
✔ [666/1302] Built Mathlib.Algebra.Order.Monoid.Prod
✔ [667/1302] Built Mathlib.Algebra.Order.Sub.WithTop
✔ [668/1302] Built Mathlib.GroupTheory.GroupAction.Prod
✔ [669/1302] Built Mathlib.Data.Nat.Bits
✔ [670/1302] Built Mathlib.Algebra.Ring.Commute
✔ [671/1302] Built Mathlib.Algebra.Order.Group.Instances
✔ [672/1302] Built Mathlib.Algebra.Order.Group.InjSurj
✔ [673/1302] Built Mathlib.Algebra.Order.Group.Units
✔ [674/1302] Built Mathlib.Data.Nat.Cast.Basic
✔ [675/1302] Built Mathlib.Algebra.Order.Group.OrderIso
✔ [676/1302] Built Mathlib.Algebra.Order.Group.Prod
✔ [677/1302] Built Mathlib.Algebra.GroupPower.IterateHom
✔ [678/1302] Built Mathlib.Algebra.SMulWithZero
✔ [679/1302] Built Mathlib.Tactic.NormNum.Result
✔ [680/1302] Built Mathlib.Data.Num.Basic
✔ [681/1302] Built Mathlib.Data.Nat.Size
✔ [682/1302] Built Mathlib.Data.Nat.Cast.Commute
✔ [683/1302] Built Mathlib.Algebra.Associated
✔ [684/1302] Built Mathlib.Algebra.Order.Group.Lattice
✔ [685/1302] Built Mathlib.Data.Tree
✔ [686/1302] Built Mathlib.Tactic.NormNum.Core
✔ [687/1302] Built Mathlib.Data.Nat.Bitwise
✔ [688/1302] Built Mathlib.Algebra.Order.GroupWithZero.Canonical
✔ [689/1302] Built Mathlib.Order.Hom.Lattice
✔ [690/1302] Built Mathlib.Algebra.Ring.Parity
✔ [691/1302] Built Mathlib.Algebra.Field.Basic
✔ [692/1302] Built Mathlib.Algebra.Ring.Int
✔ [693/1302] Built Mathlib.Data.Set.Basic
✔ [694/1302] Built Mathlib.Algebra.Order.Group.Abs
✔ [695/1302] Built Mathlib.Algebra.Order.Ring.Defs
✔ [696/1302] Built Mathlib.Data.Int.Cast.Field
✔ [697/1302] Built Mathlib.Algebra.Ring.Rat
✔ [698/1302] Built Mathlib.Data.Set.BoolIndicator
✔ [699/1302] Built Mathlib.Algebra.Order.Hom.Monoid
✔ [700/1302] Built Mathlib.Algebra.Ring.Hom.Basic
✔ [701/1302] Built Mathlib.Order.WellFounded
✔ [702/1302] Built Mathlib.Data.Nat.Order.Lemmas
✔ [703/1302] Built Mathlib.Data.Set.Subsingleton
✔ [704/1302] Built Mathlib.Data.Int.Bitwise
✔ [705/1302] Built Mathlib.Algebra.Order.Group.Int
✔ [706/1302] Built Mathlib.Algebra.Order.Group.MinMax
✔ [707/1302] Built Mathlib.Algebra.GCDMonoid.Basic
✔ [708/1302] Built Mathlib.Data.SetLike.Basic
✔ [709/1302] Built Mathlib.Algebra.Order.Ring.CharZero
✔ [710/1302] Built Mathlib.Algebra.Group.Center
✔ [711/1302] Built Mathlib.Algebra.Order.Positive.Ring
✔ [712/1302] Built Mathlib.Algebra.Order.Group.PosPart
✔ [713/1302] Built Mathlib.Order.PiLex
✔ [714/1302] Built Mathlib.Algebra.Order.Ring.Canonical
✔ [715/1302] Built Mathlib.Algebra.Order.Ring.InjSurj
✔ [716/1302] Built Mathlib.Algebra.Group.Centralizer
✔ [717/1302] Built Mathlib.Algebra.Order.Ring.Int
✔ [718/1302] Built Mathlib.Data.Int.Cast.Lemmas
✔ [719/1302] Built Mathlib.Algebra.Order.Field.Defs
✔ [720/1302] Built Mathlib.Algebra.Order.Ring.Nat
✔ [721/1302] Built Mathlib.Tactic.NormNum.Basic
✔ [722/1302] Built Mathlib.Algebra.Ring.Centralizer
✔ [723/1302] Built Mathlib.Data.Set.Image
✔ [724/1302] Built Mathlib.Data.Part
✔ [725/1302] Built Mathlib.Data.Int.LeastGreatest
✔ [726/1302] Built Mathlib.Algebra.Ring.Center
✔ [727/1302] Built Mathlib.Algebra.Field.Opposite
✔ [728/1302] Built Mathlib.Algebra.Order.Ring.Rat
✔ [729/1302] Built Mathlib.Algebra.Order.Field.Canonical.Defs
✔ [730/1302] Built Mathlib.Algebra.Order.Field.InjSurj
✔ [731/1302] Built Mathlib.Algebra.GroupPower.Order
✔ [732/1302] Built Mathlib.Algebra.Order.Ring.WithTop
✔ [733/1302] Built Mathlib.Data.Nat.GCD.Basic
✔ [734/1302] Built Mathlib.Order.Interval.Set.Basic
✔ [735/1302] Built Mathlib.Data.Nat.Cast.Order
✔ [736/1302] Built Mathlib.Data.Nat.Set
✔ [737/1302] Built Mathlib.Data.Rat.Lemmas
✔ [738/1302] Built Mathlib.Data.Bool.Set
✔ [739/1302] Built Mathlib.Logic.Embedding.Set
✔ [740/1302] Built Mathlib.Tactic.NormNum.Pow
✔ [741/1302] Built Mathlib.Algebra.Module.Defs
✔ [742/1302] Built Mathlib.Data.Set.List
✔ [743/1302] Built Mathlib.Order.Directed
✔ [744/1302] Built Mathlib.Algebra.Order.Field.Canonical.Basic
✔ [745/1302] Built Mathlib.Algebra.Order.Invertible
✔ [746/1302] Built Mathlib.Order.Interval.Set.WithBotTop
✔ [747/1302] Built Mathlib.Order.Bounded
✔ [748/1302] Built Mathlib.Algebra.Order.Ring.Cast
✔ [749/1302] Built Mathlib.Data.PNat.Basic
✔ [750/1302] Built Mathlib.Algebra.Order.Ring.Pow
✔ [751/1302] Built Mathlib.Tactic.Linarith.Lemmas
✔ [752/1302] Built Mathlib.Data.Nat.Log
✔ [753/1302] Built Mathlib.Algebra.Module.Prod
✔ [754/1302] Built Mathlib.Algebra.Order.Module.Synonym
✔ [755/1302] Built Mathlib.Data.Set.Prod
✔ [756/1302] Built Mathlib.Algebra.Order.Ring.Abs
✔ [757/1302] Built Mathlib.Algebra.Order.Interval.Set.Group
✔ [758/1302] Built Mathlib.Tactic.CancelDenoms.Core
✔ [759/1302] Built Mathlib.Data.Int.Order.Lemmas
✔ [760/1302] Built Mathlib.Data.Int.Order.Units
✔ [761/1302] Built Mathlib.Data.Set.NAry
✔ [762/1302] Built Mathlib.Tactic.Positivity.Core
✔ [763/1302] Built Mathlib.Tactic.GCongr
✔ [764/1302] Built Mathlib.Tactic.FieldSimp
✔ [765/1302] Built Mathlib.Data.Set.Function
✔ [766/1302] Built Mathlib.Order.Bounds.Basic
✔ [767/1302] Built Mathlib.Algebra.Order.Interval.Set.Monoid
✔ [768/1302] Built Mathlib.Data.Int.Lemmas
✔ [769/1302] Built Mathlib.Order.LatticeIntervals
✔ [770/1302] Built Mathlib.GroupTheory.GroupAction.Pi
✔ [771/1302] Built Mathlib.Order.Interval.Set.Image
✔ [772/1302] Built Mathlib.Data.Set.Pairwise.Basic
✔ [773/1302] Built Mathlib.Algebra.Group.Pi.Lemmas
✔ [774/1302] Built Mathlib.Logic.Equiv.Set
✔ [775/1302] Built Mathlib.Order.RelIso.Set
✔ [776/1302] Built Mathlib.Data.Int.GCD
✔ [777/1302] Built Mathlib.Data.List.Nodup
✔ [778/1302] Built Mathlib.Logic.Small.Basic
✔ [779/1302] Built Mathlib.GroupTheory.GroupAction.DomAct.Basic
✔ [780/1302] Built Mathlib.Data.Nat.Prime
✔ [781/1302] Built Mathlib.Order.Hom.Set
✔ [782/1302] Built Mathlib.Data.Prod.TProd
✔ [783/1302] Built Mathlib.Order.Interval.Set.UnorderedInterval
✔ [784/1302] Built Mathlib.GroupTheory.Perm.Basic
✔ [785/1302] Built Mathlib.Data.List.Duplicate
✔ [786/1302] Built Mathlib.Data.List.Dedup
✔ [787/1302] Built Mathlib.Data.List.Range
✔ [788/1302] Built Mathlib.Order.InitialSeg
✔ [789/1302] Built Mathlib.Algebra.Ring.Equiv
✔ [790/1302] Built Mathlib.Algebra.Module.Hom
✔ [791/1302] Built Mathlib.Order.Antichain
✔ [792/1302] Built Mathlib.Order.Bounds.OrderIso
✔ [793/1302] Built Mathlib.Order.Interval.Set.OrderIso
✔ [794/1302] Built Mathlib.Data.List.Rotate
✔ [795/1302] Built Mathlib.Data.Fin.Basic
✔ [796/1302] Built Mathlib.Data.Nat.ModEq
✔ [797/1302] Built Mathlib.Order.Interval.Set.OrderEmbedding
✔ [798/1302] Built Mathlib.Dynamics.FixedPoints.Basic
✔ [799/1302] Built Mathlib.Algebra.Ring.CompTypeclasses
✔ [800/1302] Built Mathlib.Data.List.NatAntidiagonal
✔ [801/1302] Built Mathlib.Algebra.Group.Aut
✔ [802/1302] Built Mathlib.Algebra.Group.Fin
✔ [803/1302] Built Mathlib.Algebra.Ring.ULift
✔ [804/1302] Built Mathlib.Order.Fin
✔ [805/1302] Built Mathlib.Order.Interval.Set.OrdConnected
✔ [806/1302] Built Mathlib.Algebra.Ring.Pi
✔ [807/1302] Built Mathlib.Data.List.Perm
✔ [808/1302] Built Mathlib.Algebra.Group.Conj
✔ [809/1302] Built Mathlib.Algebra.Ring.Prod
✔ [810/1302] Built Mathlib.GroupTheory.GroupAction.Group
✔ [811/1302] Built Mathlib.Algebra.Order.Pi
✔ [812/1302] Built Mathlib.Order.Cover
✔ [813/1302] Built Mathlib.Data.List.Sublists
✔ [814/1302] Built Mathlib.Order.CompleteLattice
✔ [815/1302] Built Mathlib.Algebra.Ring.Action.Basic
✔ [816/1302] Built Mathlib.Data.Fin.Tuple.Basic
✔ [817/1302] Built Mathlib.Algebra.Order.Kleene
✔ [818/1302] Built Mathlib.Algebra.BigOperators.Group.List
✔ [819/1302] Built Mathlib.Algebra.Group.Support
✔ [820/1302] Built Mathlib.Algebra.Order.Field.Basic
✔ [821/1302] Built Mathlib.Algebra.Ring.Aut
✔ [822/1302] Built Mathlib.Order.CompleteBooleanAlgebra
✔ [823/1302] Built Mathlib.Order.GaloisConnection
✔ [824/1302] Built Mathlib.Data.List.OfFn
✔ [825/1302] Built Mathlib.Order.SuccPred.Basic
✔ [826/1302] Built Mathlib.Algebra.Order.BigOperators.Ring.List
✔ [827/1302] Built Mathlib.Data.Fin.VecNotation
✔ [828/1302] Built Mathlib.Data.Int.CharZero
✔ [829/1302] Built Mathlib.Algebra.Order.BigOperators.Group.List
✔ [830/1302] Built Mathlib.Algebra.FreeMonoid.Basic
✔ [831/1302] Built Mathlib.Algebra.BigOperators.Ring.List
✔ [832/1302] Built Mathlib.Algebra.PUnitInstances
✔ [833/1302] Built Mathlib.Data.Setoid.Basic
✔ [834/1302] Built Mathlib.Algebra.Group.Indicator
✔ [835/1302] Built Mathlib.Data.Nat.Cast.Field
✔ [836/1302] Built Mathlib.Order.SuccPred.Relation
✔ [837/1302] Built Mathlib.GroupTheory.GroupAction.Hom
✔ [838/1302] Built Mathlib.Order.ModularLattice
✔ [839/1302] Built Mathlib.Data.Nat.SuccPred
✔ [840/1302] Built Mathlib.Order.Hom.Order
✔ [841/1302] Built Mathlib.Data.List.FinRange
✔ [842/1302] Built Mathlib.Order.SuccPred.Limit
✔ [843/1302] Built Mathlib.Data.Multiset.Basic
✔ [844/1302] Built Mathlib.Data.List.Indexes
✔ [845/1302] Built Mathlib.Algebra.Order.Module.Defs
✔ [846/1302] Built Mathlib.Data.List.Sort
✔ [847/1302] Built Mathlib.Algebra.GroupWithZero.Indicator
✔ [848/1302] Built Mathlib.Algebra.CharZero.Lemmas
✔ [849/1302] Built Mathlib.Data.Vector.Basic
✔ [850/1302] Built Mathlib.Logic.Equiv.Fin
✔ [851/1302] Built Mathlib.Data.Int.SuccPred
✔ [852/1302] Built Mathlib.Algebra.Regular.SMul
✔ [853/1302] Built Mathlib.Data.Multiset.Range
✔ [854/1302] Built Mathlib.Data.Multiset.Sort
✔ [855/1302] Built Mathlib.Order.FixedPoints
✔ [856/1302] Built Mathlib.Data.List.NodupEquivFin
✔ [857/1302] Built Mathlib.Data.ENat.Basic
✔ [858/1302] Built Mathlib.Algebra.BigOperators.Group.Multiset
✔ [859/1302] Built Mathlib.Algebra.Module.Pi
✔ [860/1302] Built Mathlib.Data.Multiset.Nodup
✔ [861/1302] Built Mathlib.Algebra.Order.BigOperators.Ring.Multiset
✔ [862/1302] Built Mathlib.Data.Sym.Basic
✔ [863/1302] Built Mathlib.Algebra.Order.Field.Power
✔ [864/1302] Built Mathlib.Data.Multiset.NatAntidiagonal
✔ [865/1302] Built Mathlib.Data.Multiset.Sum
✔ [866/1302] Built Mathlib.Data.Multiset.Dedup
✔ [867/1302] Built Mathlib.Algebra.Order.Module.OrderedSMul
✔ [868/1302] Built Mathlib.Data.Multiset.FinsetOps
✔ [869/1302] Built Mathlib.Data.Set.Lattice
✔ [870/1302] Built Mathlib.Data.Multiset.Bind
✔ [871/1302] Built Mathlib.Data.Set.Accumulate
✔ [872/1302] Built Mathlib.Order.Interval.Set.OrdConnectedComponent
✔ [873/1302] Built Mathlib.Data.Nat.Pairing
✔ [874/1302] Built Mathlib.Logic.Small.Set
✔ [875/1302] Built Mathlib.Tactic.Monotonicity.Lemmas
✔ [876/1302] Built Mathlib.Data.Set.Sigma
✔ [877/1302] Built Mathlib.Algebra.Group.Subsemigroup.Basic
✔ [878/1302] Built Mathlib.Data.Set.UnionLift
✔ [879/1302] Built Mathlib.Order.Interval.Set.Disjoint
✔ [880/1302] Built Mathlib.Order.Chain
✔ [881/1302] Built Mathlib.Order.Hom.CompleteLattice
✔ [882/1302] Built Mathlib.Order.Interval.Set.Pi
✔ [883/1302] Built Mathlib.Order.Closure
✔ [884/1302] Built Mathlib.Order.ConditionallyCompleteLattice.Basic
✔ [885/1302] Built Mathlib.Data.Set.Functor
✔ [886/1302] Built Mathlib.Data.Multiset.Sections
✔ [887/1302] Built Mathlib.Data.Multiset.Pi
✔ [888/1302] Built Mathlib.Data.Multiset.Fold
✔ [889/1302] Built Mathlib.Logic.Equiv.Nat
✔ [890/1302] Built Mathlib.Tactic.Monotonicity
✔ [891/1302] Built Mathlib.Algebra.Group.Subsemigroup.Membership
✔ [892/1302] Built Mathlib.Data.Multiset.Powerset
✔ [893/1302] Built Mathlib.Order.Zorn
✔ [894/1302] Built Mathlib.Data.Set.Pointwise.Basic
✔ [895/1302] Built Mathlib.Order.SuccPred.CompleteLinearOrder
✔ [896/1302] Built Mathlib.Order.Atoms
✔ [897/1302] Built Mathlib.Algebra.Order.Group.Action
✔ [898/1302] Built Mathlib.Algebra.Order.Group.Indicator
✔ [899/1302] Built Mathlib.Data.Int.ConditionallyCompleteOrder
✔ [900/1302] Built Mathlib.Algebra.Group.Submonoid.Basic
✔ [901/1302] Built Mathlib.Data.Finset.Basic
✔ [902/1302] Built Mathlib.Data.Multiset.Lattice
✔ [903/1302] Built Mathlib.Order.ConditionallyCompleteLattice.Group
✔ [904/1302] Built Mathlib.Order.OmegaCompletePartialOrder
✔ [905/1302] Built Mathlib.Algebra.Order.BigOperators.Group.Multiset
✔ [906/1302] Built Mathlib.Data.Countable.Basic
✔ [907/1302] Built Mathlib.Data.Multiset.Antidiagonal
✔ [908/1302] Built Mathlib.SetTheory.Cardinal.SchroederBernstein
✔ [909/1302] Built Mathlib.Algebra.Group.Subsemigroup.Operations
✔ [910/1302] Built Mathlib.Data.Set.Pointwise.ListOfFn
✔ [911/1302] Built Mathlib.Order.ZornAtoms
✔ [912/1302] Built Mathlib.Data.Finset.Order
✔ [913/1302] Built Mathlib.Data.Set.Semiring
✔ [914/1302] Built Mathlib.Order.CompleteLatticeIntervals
✔ [915/1302] Built Mathlib.Data.Finset.Update
✔ [916/1302] Built Mathlib.Order.UpperLower.Basic
✔ [917/1302] Built Mathlib.Algebra.Group.Submonoid.MulOpposite
✔ [918/1302] Built Mathlib.Logic.Encodable.Basic
✔ [919/1302] Built Mathlib.GroupTheory.Subsemigroup.Center
✔ [920/1302] Built Mathlib.Data.Finset.Union
✔ [921/1302] Built Mathlib.Algebra.BigOperators.Ring.Multiset
✔ [922/1302] Built Mathlib.Algebra.Bounds
✔ [923/1302] Built Mathlib.GroupTheory.Subsemigroup.Centralizer
✔ [924/1302] Built Mathlib.Logic.Encodable.Lattice
✔ [925/1302] Built Mathlib.Order.Minimal
✔ [926/1302] Built Mathlib.Data.Finset.Image
✔ [927/1302] Built Mathlib.Algebra.Order.Nonneg.Ring
✔ [928/1302] Built Mathlib.Data.Set.Pointwise.SMul
✔ [929/1302] Built Mathlib.Data.Finset.Fold
✔ [930/1302] Built Mathlib.Data.Finset.Pi
✔ [931/1302] Built Mathlib.Data.NNRat.Defs
✔ [932/1302] Built Mathlib.Algebra.Order.Nonneg.Field
✔ [933/1302] Built Mathlib.Algebra.Field.Rat
✔ [934/1302] Built Mathlib.Algebra.Group.Submonoid.Operations
✔ [935/1302] Built Mathlib.Data.Finset.Card
✔ [936/1302] Built Mathlib.Algebra.Order.Module.Pointwise
✔ [937/1302] Built Mathlib.Algebra.AddTorsor
✔ [938/1302] Built Mathlib.Algebra.Order.Field.Rat
✔ [939/1302] Built Mathlib.GroupTheory.Submonoid.Center
✔ [940/1302] Built Mathlib.Data.Set.Pointwise.Interval
✔ [941/1302] Built Mathlib.Data.Fintype.Basic
✔ [942/1302] Built Mathlib.Data.Finset.Option
✔ [943/1302] Built Mathlib.Data.Finset.Sum
✔ [944/1302] Built Mathlib.GroupTheory.Submonoid.Centralizer
✔ [945/1302] Built Mathlib.Data.Finset.Prod
✔ [946/1302] Built Mathlib.Tactic.FinCases
✔ [947/1302] Built Mathlib.Data.Fintype.Pi
✔ [948/1302] Built Mathlib.Data.Finset.Piecewise
✔ [949/1302] Built Mathlib.Data.Rat.Cast.Defs
✔ [950/1302] Built Mathlib.Data.Fintype.Vector
✔ [951/1302] Built Mathlib.Algebra.Module.Basic
✔ [952/1302] Built Mathlib.Data.Rat.Cast.Lemmas
✔ [953/1302] Built Mathlib.Data.Rat.Cast.CharZero
✔ [954/1302] Built Mathlib.GroupTheory.Congruence
✔ [955/1302] Built Mathlib.Data.Fintype.Card
✔ [956/1302] Built Mathlib.Data.Rat.Cast.Order
✔ [957/1302] Built Mathlib.Tactic.Positivity.Basic
✔ [958/1302] Built Mathlib.Data.Finite.Set
✔ [959/1302] Built Mathlib.Tactic.NormNum.OfScientific
✔ [960/1302] Built Mathlib.Data.Fintype.Option
✔ [961/1302] Built Mathlib.Data.Fintype.Prod
✔ [962/1302] Built Mathlib.Algebra.Star.Basic
✔ [963/1302] Built Mathlib.Data.Fintype.Sum
✔ [964/1302] Built Mathlib.Tactic.Positivity
✔ [965/1302] Built Mathlib.Tactic.NormNum.Inv
✔ [966/1302] Built Mathlib.Data.ZMod.Defs
✔ [967/1302] Built Mathlib.Algebra.Star.Pi
✔ [968/1302] Built Mathlib.Algebra.Star.Prod
✔ [969/1302] Built Mathlib.Algebra.Order.Hom.Basic
✔ [970/1302] Built Mathlib.Logic.Denumerable
✔ [971/1302] Built Mathlib.Tactic.NormNum.Eq
✔ [972/1302] Built Mathlib.Algebra.Order.AbsoluteValue
✔ [973/1302] Built Mathlib.Data.Finset.Lattice
✔ [974/1302] Built Mathlib.Data.Finset.Pairwise
✔ [975/1302] Built Mathlib.Data.Finset.Sigma
✔ [976/1302] Built Mathlib.Data.Finset.Sort
✔ [977/1302] Built Mathlib.Data.Finset.Powerset
✔ [978/1302] Built Mathlib.Tactic.NormNum.Ineq
✔ [979/1302] Built Mathlib.Data.Fintype.List
✔ [980/1302] Built Mathlib.Data.Fintype.Powerset
✔ [981/1302] Built Mathlib.Logic.Equiv.List
✔ [982/1302] Built Mathlib.Data.Fintype.Sigma
✔ [983/1302] Built Mathlib.Tactic.NormNum.DivMod
✔ [984/1302] Built Mathlib.Data.Finite.Basic
✔ [985/1302] Built Mathlib.Tactic.NormNum
✔ [986/1302] Built Mathlib.Order.SupIndep
✔ [987/1302] Built Mathlib.Algebra.Group.Subgroup.Basic
✔ [988/1302] Built Mathlib.Algebra.Ring.Action.Subobjects
✔ [989/1302] Built Mathlib.GroupTheory.Subgroup.Center
✔ [990/1302] Built Mathlib.Tactic.IntervalCases
✔ [991/1302] Built Mathlib.Data.List.Cycle
✔ [992/1302] Built Mathlib.Algebra.Group.Subgroup.Actions
✔ [993/1302] Built Mathlib.GroupTheory.Subgroup.Centralizer
✔ [994/1302] Built Mathlib.Algebra.Group.Subgroup.MulOpposite
✔ [995/1302] Built Mathlib.Tactic.Abel
✔ [996/1302] Built Mathlib.Algebra.Module.LinearMap.Basic
✔ [997/1302] Built Mathlib.Algebra.Group.Subgroup.ZPowers
✔ [998/1302] Built Mathlib.Dynamics.PeriodicPts
✔ [999/1302] Built Mathlib.Tactic.Ring.Basic
✔ [1000/1302] Built Mathlib.Data.Int.ModEq
✔ [1001/1302] Built Mathlib.Data.Set.Finite
✔ [1002/1302] Built Mathlib.Tactic.Ring.PNat
✔ [1003/1302] Built Mathlib.Tactic.Linarith.Datatypes
✔ [1004/1302] Built Mathlib.Order.Interval.Set.Infinite
✔ [1005/1302] Built Mathlib.Data.Finset.Preimage
✔ [1006/1302] Built Mathlib.Tactic.Ring.RingNF
✔ [1007/1302] Built Mathlib.Algebra.Group.FiniteSupport
✔ [1008/1302] Built Mathlib.Algebra.CharP.Defs
✔ [1009/1302] Built Mathlib.Order.ConditionallyCompleteLattice.Finset
✔ [1010/1302] Built Mathlib.Data.Finset.NAry
✔ [1011/1302] Built Mathlib.Order.PartialSups
✔ [1012/1302] Built Mathlib.Data.Set.Pointwise.Finite
✔ [1013/1302] Built Mathlib.Data.Set.Countable
✔ [1014/1302] Built Mathlib.Order.SupClosed
✔ [1015/1302] Built Mathlib.Tactic.Linarith.Oracle.SimplexAlgorithm
✔ [1016/1302] Built Mathlib.Algebra.Module.LinearMap.End
✔ [1017/1302] Built Mathlib.Tactic.Ring
✔ [1018/1302] Built Mathlib.Tactic.Linarith.Parsing
✔ [1019/1302] Built Mathlib.Data.Finsupp.Defs
✔ [1020/1302] Built Mathlib.Order.Disjointed
✔ [1021/1302] Built Mathlib.Tactic.LinearCombination
✔ [1022/1302] Built Mathlib.Tactic.Linarith.Preprocessing
✔ [1023/1302] Built Mathlib.GroupTheory.GroupAction.Basic
✔ [1024/1302] Built Mathlib.Tactic.Linarith.Verification
✔ [1025/1302] Built Mathlib.Order.Interval.Finset.Defs
✔ [1026/1302] Built Mathlib.Tactic.Group
✔ [1027/1302] Built Mathlib.Data.Finsupp.Indicator
✔ [1028/1302] Built Mathlib.Data.Finsupp.Fin
✔ [1029/1302] Built Mathlib.Data.Finset.Antidiagonal
✔ [1030/1302] Built Mathlib.MeasureTheory.MeasurableSpace.Defs
✔ [1031/1302] Built Mathlib.GroupTheory.GroupAction.ConjAct
✔ [1032/1302] Built Mathlib.Algebra.Order.Interval.Finset
✔ [1033/1302] Built Mathlib.Order.Filter.Basic
✔ [1034/1302] Built Mathlib.Algebra.Module.Equiv
✔ [1035/1302] Built Mathlib.Tactic.Linarith.Frontend
✔ [1036/1302] Built Mathlib.Algebra.Order.CauSeq.Basic
✔ [1037/1302] Built Mathlib.Order.Interval.Finset.Basic
✔ [1038/1302] Built Mathlib.Order.Filter.Ker
✔ [1039/1302] Built Mathlib.GroupTheory.GroupAction.SubMulAction
✔ [1040/1302] Built Mathlib.MeasureTheory.PiSystem
✔ [1041/1302] Built Mathlib.Order.Filter.CountableInter
✔ [1042/1302] Built Mathlib.GroupTheory.Coset
✔ [1043/1302] Built Mathlib.Data.Finset.NatAntidiagonal
✔ [1044/1302] Built Mathlib.Algebra.Module.Opposites
✔ [1045/1302] Built Mathlib.Order.Filter.Extr
✔ [1046/1302] Built Mathlib.Order.Filter.Prod
✔ [1047/1302] Built Mathlib.Algebra.BigOperators.Group.Finset
✔ [1048/1302] Built Mathlib.Order.Interval.Multiset
✔ [1049/1302] Built Mathlib.Algebra.Module.ULift
✔ [1050/1302] Built Mathlib.Tactic.Linarith
✔ [1051/1302] Built Mathlib.Data.Int.Interval
✔ [1052/1302] Built Mathlib.Data.Rat.BigOperators
✔ [1053/1302] Built Mathlib.GroupTheory.GroupAction.SubMulAction.Pointwise
✔ [1054/1302] Built Mathlib.Order.Filter.NAry
✔ [1055/1302] Built Mathlib.Algebra.BigOperators.NatAntidiagonal
✔ [1056/1302] Built Mathlib.Algebra.Order.CauSeq.Completion
✔ [1057/1302] Built Mathlib.Algebra.BigOperators.Option
✔ [1058/1302] Built Mathlib.Data.Set.Pointwise.BigOperators
✔ [1059/1302] Built Mathlib.Algebra.BigOperators.GroupWithZero.Finset
✔ [1060/1302] Built Mathlib.Algebra.BigOperators.WithTop
✔ [1061/1302] Built Mathlib.GroupTheory.GroupAction.BigOperators
✔ [1062/1302] Built Mathlib.Algebra.BigOperators.Pi
✔ [1063/1302] Built Mathlib.Algebra.Algebra.Defs
✔ [1064/1302] Built Mathlib.Order.Filter.Bases
✔ [1065/1302] Built Mathlib.Data.Finset.NoncommProd
✔ [1066/1302] Built Mathlib.Data.Fintype.BigOperators
✔ [1067/1302] Built Mathlib.Order.Interval.Finset.Nat
✔ [1068/1302] Built Mathlib.Order.Filter.Pi
✔ [1069/1302] Built Mathlib.Order.Interval.Finset.Fin
✔ [1070/1302] Built Mathlib.Algebra.BigOperators.Ring
✔ [1071/1302] Built Mathlib.Algebra.Order.BigOperators.Group.Finset
✔ [1072/1302] Built Mathlib.Order.Filter.Lift
✔ [1073/1302] Built Mathlib.Data.Real.Basic
✔ [1074/1302] Built Mathlib.Algebra.Module.BigOperators
✔ [1075/1302] Built Mathlib.Data.Fintype.Fin
✔ [1076/1302] Built Mathlib.Data.Nat.Lattice
✔ [1077/1302] Built Mathlib.Algebra.BigOperators.Intervals
✔ [1078/1302] Built Mathlib.Algebra.Group.Submonoid.Membership
✔ [1079/1302] Built Mathlib.Algebra.Order.BigOperators.Ring.Finset
✔ [1080/1302] Built Mathlib.Data.ENat.Lattice
✔ [1081/1302] Built Mathlib.Order.OrderIsoNat
✔ [1082/1302] Built Mathlib.Algebra.BigOperators.Fin
✔ [1083/1302] Built Mathlib.Data.Complex.Basic
✔ [1084/1302] Built Mathlib.Order.Filter.AtTopBot
✔ [1085/1302] Built Mathlib.Algebra.Order.Floor
✔ [1086/1302] Built Mathlib.Algebra.Group.Subgroup.Finite
✔ [1087/1302] Built Mathlib.Algebra.BigOperators.Finprod
✔ [1088/1302] Built Mathlib.SetTheory.Cardinal.Basic
✔ [1089/1302] Built Mathlib.Algebra.Module.Submodule.Basic
✔ [1090/1302] Built Mathlib.Data.Nat.Choose.Sum
✔ [1091/1302] Built Mathlib.Order.Filter.SmallSets
✔ [1092/1302] Built Mathlib.Data.Nat.PartENat
✔ [1093/1302] Built Mathlib.Algebra.GroupWithZero.NonZeroDivisors
✔ [1094/1302] Built Mathlib.Order.Filter.Cofinite
✔ [1095/1302] Built Mathlib.Algebra.Order.Nonneg.Floor
✔ [1096/1302] Built Mathlib.Data.Nat.Digits
✔ [1097/1302] Built Mathlib.Order.WellFoundedSet
✔ [1098/1302] Built Mathlib.Algebra.GeomSum
✔ [1099/1302] Built Mathlib.Data.Rat.Floor
✔ [1100/1302] Built Mathlib.RingTheory.NonUnitalSubsemiring.Basic
✔ [1101/1302] Built Mathlib.GroupTheory.Commutator
✔ [1102/1302] Built Mathlib.Algebra.Module.Submodule.LinearMap
✔ [1103/1302] Built Mathlib.Order.CompactlyGenerated.Basic
✔ [1104/1302] Built Mathlib.Topology.Bornology.Basic
✔ [1105/1302] Built Mathlib.Order.Filter.Interval
✔ [1106/1302] Built Mathlib.SetTheory.Ordinal.Basic
✔ [1107/1302] Built Mathlib.Order.Filter.Ultrafilter
✔ [1108/1302] Built Mathlib.Algebra.BigOperators.Finsupp
✔ [1109/1302] Built Mathlib.Algebra.Module.Submodule.Lattice
✔ [1110/1302] Built Mathlib.RingTheory.Multiplicity
✔ [1111/1302] Built Mathlib.Algebra.Group.Submonoid.Pointwise
✔ [1112/1302] Built Mathlib.Topology.Bornology.Constructions
✔ [1113/1302] Built Mathlib.Order.LiminfLimsup
✔ [1114/1302] Built Mathlib.Topology.Defs.Filter
✔ [1115/1302] Built Mathlib.Algebra.Module.Submodule.RestrictScalars
✔ [1116/1302] Built Mathlib.Data.DFinsupp.Basic
✔ [1117/1302] Built Mathlib.Algebra.Order.Archimedean
✔ [1118/1302] Built Mathlib.Algebra.Ring.Subsemiring.Basic
✔ [1119/1302] Built Mathlib.Order.Filter.Pointwise
✔ [1120/1302] Built Mathlib.Algebra.Module.Submodule.Map
✔ [1121/1302] Built Mathlib.Data.Nat.Multiplicity
✔ [1122/1302] Built Mathlib.Algebra.Group.Subgroup.Pointwise
✔ [1123/1302] Built Mathlib.Topology.Basic
✔ [1124/1302] Built Mathlib.SetTheory.Ordinal.Arithmetic
✔ [1125/1302] Built Mathlib.Data.DFinsupp.Encodable
✔ [1126/1302] Built Mathlib.MeasureTheory.MeasurableSpace.Basic
✔ [1127/1302] Built Mathlib.Algebra.Order.Hom.Ring
✔ [1128/1302] Built Mathlib.Data.Real.Archimedean
✔ [1129/1302] Built Mathlib.Order.Filter.Archimedean
✔ [1130/1302] Built Mathlib.Topology.Defs.Induced
✔ [1131/1302] Built Mathlib.Algebra.Module.Submodule.Ker
✔ [1132/1302] Built Mathlib.Topology.NhdsSet
✔ [1133/1302] Built Mathlib.Data.Finsupp.Basic
✔ [1134/1302] Built Mathlib.Data.Real.Pointwise
✔ [1135/1302] Built Mathlib.SetTheory.Ordinal.Exponential
✔ [1136/1302] Built Mathlib.SetTheory.Cardinal.ENat
✔ [1137/1302] Built Mathlib.Data.Finsupp.ToDFinsupp
✔ [1138/1302] Built Mathlib.Topology.Order
✔ [1139/1302] Built Mathlib.Data.Finsupp.Order
✔ [1140/1302] Built Mathlib.Algebra.Module.Submodule.Range
✔ [1141/1302] Built Mathlib.Algebra.Ring.Subring.Basic
✔ [1142/1302] Built Mathlib.GroupTheory.QuotientGroup
✔ [1143/1302] Built Mathlib.Data.Finsupp.Encodable
✔ [1144/1302] Built Mathlib.SetTheory.Cardinal.ToNat
✔ [1145/1302] Built Mathlib.Data.Finsupp.Multiset
✔ [1146/1302] Built Mathlib.Topology.Maps
✔ [1147/1302] Built Mathlib.SetTheory.Ordinal.FixedPoint
✔ [1148/1302] Built Mathlib.SetTheory.Cardinal.PartENat
✔ [1149/1302] Built Mathlib.SetTheory.Ordinal.Principal
✔ [1150/1302] Built Mathlib.Algebra.Algebra.Basic
✔ [1151/1302] Built Mathlib.LinearAlgebra.BilinearMap
✔ [1152/1302] Built Mathlib.Data.Real.NNReal
✔ [1153/1302] Built Mathlib.SetTheory.Cardinal.Finite
✔ [1154/1302] Built Mathlib.LinearAlgebra.Basic
✔ [1155/1302] Built Mathlib.Topology.Constructions
✔ [1156/1302] Built Mathlib.Data.Finite.Card
✔ [1157/1302] Built Mathlib.Data.Fintype.Units
✔ [1158/1302] Built Mathlib.SetTheory.Cardinal.Ordinal
✔ [1159/1302] Built Mathlib.GroupTheory.Finiteness
✔ [1160/1302] Built Mathlib.Algebra.Field.Subfield
✔ [1161/1302] Built Mathlib.Algebra.Algebra.Hom
✔ [1162/1302] Built Mathlib.Algebra.Group.ConjFinite
✔ [1163/1302] Built Mathlib.Data.ENNReal.Basic
✔ [1164/1302] Built Mathlib.Algebra.Algebra.Prod
✔ [1165/1302] Built Mathlib.Topology.ContinuousOn
✔ [1166/1302] Built Mathlib.LinearAlgebra.Pi
✔ [1167/1302] Built Mathlib.SetTheory.Cardinal.Cofinality
✔ [1168/1302] Built Mathlib.Topology.Order.LeftRight
✔ [1169/1302] Built Mathlib.Algebra.Algebra.Equiv
✔ [1170/1302] Built Mathlib.Topology.Order.LocalExtr
✔ [1171/1302] Built Mathlib.Topology.Inseparable
✔ [1172/1302] Built Mathlib.Algebra.Algebra.NonUnitalHom
✔ [1173/1302] Built Mathlib.Topology.Clopen
✔ [1174/1302] Built Mathlib.LinearAlgebra.Span
✔ [1175/1302] Built Mathlib.Topology.Bases
✔ [1176/1302] Built Mathlib.Data.ENNReal.Operations
✔ [1177/1302] Built Mathlib.Topology.LocallyFinite
✔ [1178/1302] Built Mathlib.Topology.Irreducible
✔ [1179/1302] Built Mathlib.GroupTheory.GroupAction.Quotient
✔ [1180/1302] Built Mathlib.Algebra.Algebra.Opposite
✔ [1181/1302] Built Mathlib.Algebra.Module.Submodule.Bilinear
✔ [1182/1302] Built Mathlib.Algebra.Algebra.Tower
✔ [1183/1302] Built Mathlib.Data.ENNReal.Inv
✔ [1184/1302] Built Mathlib.GroupTheory.Index
✔ [1185/1302] Built Mathlib.Topology.Connected.Basic
✔ [1186/1302] Built Mathlib.Data.Finset.Pointwise
✔ [1187/1302] Built Mathlib.Topology.Connected.LocallyConnected
✔ [1188/1302] Built Mathlib.Topology.Compactness.Compact
✔ [1189/1302] Built Mathlib.LinearAlgebra.Quotient
✔ [1190/1302] Built Mathlib.Topology.Compactness.LocallyCompact
✔ [1191/1302] Built Mathlib.Topology.Connected.TotallyDisconnected
✔ [1192/1302] Built Mathlib.LinearAlgebra.Prod
✔ [1193/1302] Built Mathlib.Data.ENNReal.Real
✔ [1194/1302] Built Mathlib.Topology.Compactness.SigmaCompact
✔ [1195/1302] Built Mathlib.LinearAlgebra.Finsupp
✔ [1196/1302] Built Mathlib.Topology.UniformSpace.Basic
✔ [1197/1302] Built Mathlib.GroupTheory.OrderOfElement
✔ [1198/1302] Built Mathlib.RingTheory.Ideal.Basic
✔ [1199/1302] Built Mathlib.LinearAlgebra.Projection
✔ [1200/1302] Built Mathlib.Topology.Separation
✔ [1201/1302] Built Mathlib.Algebra.CharP.Basic
✔ [1202/1302] Built Mathlib.Topology.DiscreteSubset
✔ [1203/1302] Built Mathlib.Topology.Algebra.InfiniteSum.Defs
✔ [1204/1302] Built Mathlib.Topology.DenseEmbedding
✔ [1205/1302] Built Mathlib.Topology.Support
✔ [1206/1302] Built Mathlib.Topology.UniformSpace.Separation
✔ [1207/1302] Built Mathlib.Topology.Order.OrderClosed
✔ [1208/1302] Built Mathlib.Algebra.Module.Submodule.Pointwise
✔ [1209/1302] Built Mathlib.Topology.Homeomorph
✔ [1210/1302] Built Mathlib.Topology.Algebra.Constructions
✔ [1211/1302] Built Mathlib.LinearAlgebra.LinearIndependent
✔ [1212/1302] Built Mathlib.Data.ZMod.Basic
✔ [1213/1302] Built Mathlib.Topology.ContinuousFunction.Basic
✔ [1214/1302] Built Mathlib.Data.ZMod.IntUnitsPower
✔ [1215/1302] Built Mathlib.Topology.Algebra.Star
✔ [1216/1302] Built Mathlib.Topology.Order.Basic
✔ [1217/1302] Built Mathlib.Algebra.Ring.NegOnePow
✔ [1218/1302] Built Mathlib.Topology.UniformSpace.Cauchy
✔ [1219/1302] Built Mathlib.Topology.Algebra.ConstMulAction
✔ [1220/1302] Built Mathlib.Topology.Order.T5
✔ [1221/1302] Built Mathlib.Topology.Order.MonotoneConvergence
✔ [1222/1302] Built Mathlib.Topology.Algebra.MulAction
✔ [1223/1302] Built Mathlib.Topology.UniformSpace.UniformEmbedding
✔ [1224/1302] Built Mathlib.Topology.UniformSpace.UniformConvergence
✔ [1225/1302] Built Mathlib.Topology.Order.LeftRightNhds
✔ [1226/1302] Built Mathlib.Topology.UniformSpace.CompleteSeparated
✔ [1227/1302] Built Mathlib.Topology.UniformSpace.Pi
✔ [1228/1302] Built Mathlib.Algebra.Periodic
✔ [1229/1302] Built Mathlib.Topology.Order.MonotoneContinuity
✔ [1230/1302] Built Mathlib.LinearAlgebra.TensorProduct.Basic
✔ [1231/1302] Built Mathlib.Topology.Order.IsLUB
✔ [1232/1302] Built Mathlib.Topology.UniformSpace.Equiv
✔ [1233/1302] Built Mathlib.Topology.UniformSpace.AbstractCompletion
✔ [1234/1302] Built Mathlib.Topology.Algebra.Monoid
✔ [1235/1302] Built Mathlib.Topology.Order.Monotone
✔ [1236/1302] Built Mathlib.Algebra.Algebra.Bilinear
✔ [1237/1302] Built Mathlib.Topology.UniformSpace.UniformConvergenceTopology
✔ [1238/1302] Built Mathlib.Topology.UniformSpace.Completion
✔ [1239/1302] Built Mathlib.Topology.Algebra.GroupWithZero
✔ [1240/1302] Built Mathlib.LinearAlgebra.Basis
✔ [1241/1302] Built Mathlib.Topology.Algebra.InfiniteSum.Basic
✔ [1242/1302] Built Mathlib.Topology.UniformSpace.Equicontinuity
✔ [1243/1302] Built Mathlib.Topology.EMetricSpace.Basic
✔ [1244/1302] Built Mathlib.Topology.Order.DenselyOrdered
✔ [1245/1302] Built Mathlib.Topology.UniformSpace.Compact
✔ [1246/1302] Built Mathlib.Topology.EMetricSpace.Lipschitz
✔ [1247/1302] Built Mathlib.Algebra.Algebra.Operations
✔ [1248/1302] Built Mathlib.Topology.Algebra.Group.Basic
✔ [1249/1302] Built Mathlib.Topology.Order.IntermediateValue
✔ [1250/1302] Built Mathlib.Topology.Algebra.Order.Group
✔ [1251/1302] Built Mathlib.Topology.Algebra.Ring.Basic
✔ [1252/1302] Built Mathlib.Topology.Algebra.Order.LiminfLimsup
✔ [1253/1302] Built Mathlib.Topology.Algebra.Order.Compact
✔ [1254/1302] Built Mathlib.Topology.Algebra.Field
✔ [1255/1302] Built Mathlib.Algebra.Algebra.Subalgebra.Basic
✔ [1256/1302] Built Mathlib.Topology.Algebra.Order.Field
✔ [1257/1302] Built Mathlib.Algebra.Algebra.Subalgebra.Prod
✔ [1258/1302] Built Mathlib.Algebra.Algebra.Subalgebra.Tower
✔ [1259/1302] Built Mathlib.Topology.Algebra.UniformGroup
✔ [1260/1302] Built Mathlib.Topology.Algebra.UniformMulAction
✔ [1261/1302] Built Mathlib.Topology.Algebra.InfiniteSum.Group
✔ [1262/1302] Built Mathlib.RingTheory.Adjoin.Basic
✔ [1263/1302] Built Mathlib.Topology.MetricSpace.PseudoMetric
✔ [1264/1302] Built Mathlib.Topology.Algebra.InfiniteSum.Constructions
✔ [1265/1302] Built Mathlib.Topology.Algebra.InfiniteSum.NatInt
⚠ [1266/1302] Built UEM.Structure
warning: ./././src/UEM/Structure.lean:61:2: try 'simp' instead of 'simpa'
note: this linter can be disabled with `set_option linter.unnecessarySimpa false`
✔ [1267/1302] Built Mathlib.Topology.MetricSpace.ProperSpace
✔ [1268/1302] Built Mathlib.Topology.MetricSpace.Cauchy
✔ [1269/1302] Built UEM.Model
✔ [1270/1302] Built Mathlib.Topology.Algebra.InfiniteSum.Ring
✔ [1271/1302] Built Mathlib.Topology.MetricSpace.Basic
✔ [1272/1302] Built Mathlib.Topology.Algebra.InfiniteSum.Order
✔ [1273/1302] Built Mathlib.Topology.MetricSpace.Bounded
✔ [1274/1302] Built Mathlib.Topology.Metrizable.Basic
✔ [1275/1302] Built Mathlib.Topology.MetricSpace.Antilipschitz
✔ [1276/1302] Built Mathlib.Topology.Metrizable.Uniformity
✔ [1277/1302] Built Mathlib.Topology.Instances.Discrete
✔ [1278/1302] Built Mathlib.Topology.MetricSpace.Isometry
✔ [1279/1302] Built Mathlib.Topology.Instances.Int
✔ [1280/1302] Built Mathlib.Topology.Instances.Real
✔ [1281/1302] Built Mathlib.Topology.Instances.NNReal
✔ [1282/1302] Built Mathlib.Topology.Instances.ENNReal
✔ [1283/1302] Built Mathlib.MeasureTheory.OuterMeasure.Defs
✔ [1284/1302] Built Mathlib.Topology.Algebra.InfiniteSum.Real
✔ [1285/1302] Built Mathlib.Topology.Algebra.Module.Basic
✔ [1286/1302] Built Mathlib.MeasureTheory.OuterMeasure.Basic
✔ [1287/1302] Built Mathlib.Topology.Algebra.Algebra
✔ [1288/1302] Built Mathlib.MeasureTheory.OuterMeasure.AE
✔ [1289/1302] Built Mathlib.MeasureTheory.OuterMeasure.Operations
✔ [1290/1302] Built Mathlib.Analysis.SpecificLimits.Basic
✔ [1291/1302] Built Mathlib.MeasureTheory.OuterMeasure.OfFunction
✔ [1292/1302] Built Mathlib.MeasureTheory.OuterMeasure.Caratheodory
✔ [1293/1302] Built Mathlib.MeasureTheory.OuterMeasure.Induced
✔ [1294/1302] Built Mathlib.MeasureTheory.Measure.MeasureSpaceDef
✔ [1295/1302] Built Mathlib.MeasureTheory.Measure.AEDisjoint
✔ [1296/1302] Built Mathlib.MeasureTheory.Measure.NullMeasurable
✔ [1297/1302] Built Mathlib.MeasureTheory.Measure.MeasureSpace
✖ [1298/1302] Building UEM.Measure
trace: .> LEAN_PATH=././.lake/packages/batteries/.lake/build/lib:././.lake/packages/Qq/.lake/build/lib:././.lake/packages/aesop/.lake/build/lib:././.lake/packages/proofwidgets/.lake/build/lib:././.lake/packages/Cli/.lake/build/lib:././.lake/packages/importGraph/.lake/build/lib:././.lake/packages/mathlib/.lake/build/lib:././.lake/build/lib DYLD_LIBRARY_PATH=././.lake/build/lib /Users/a/.elan/toolchains/leanprover--lean4---v4.8.0/bin/lean ./././src/UEM/Measure.lean -R ./././src -o ././.lake/build/lib/UEM/Measure.olean -i ././.lake/build/lib/UEM/Measure.ilean -c ././.lake/build/ir/UEM/Measure.c --json
warning: ./././src/UEM/Measure.lean:61:12: try 'simp' instead of 'simpa'
note: this linter can be disabled with `set_option linter.unnecessarySimpa false`
warning: ./././src/UEM/Measure.lean:60:7: unused variable `h`
note: this linter can be disabled with `set_option linter.unusedVariables false`
warning: ./././src/UEM/Measure.lean:119:3: unused variable `hA`
note: this linter can be disabled with `set_option linter.unusedVariables false`
warning: ./././src/UEM/Measure.lean:120:3: unused variable `hAfin`
note: this linter can be disabled with `set_option linter.unusedVariables false`
warning: ./././src/UEM/Measure.lean:126:7: unused variable `h_sub`
note: this linter can be disabled with `set_option linter.unusedVariables false`
error: ./././src/UEM/Measure.lean:144:32: unknown identifier 'measure_lt_top'
error: Lean exited with code 1
Some builds logged failures:
- UEM.Measure
error: build failed
